<?xml version="1.0" encoding="UTF-8"?>
<!-- Generated by org.testng.reporters.JUnitReportReporter -->
<testsuite hostname="LTIN511698" failures="0" tests="2" name="testCases.TC_04" time="33.325" errors="0" timestamp="2024-02-28T15:38:25 IST" skipped="0">
  <testcase classname="testCases.TC_04" name="checkDemoPageOpened" time="15.459"/>
  <system-out/>
  <testcase classname="testCases.TC_04" name="validateForm_Valid_Detials" time="17.866"/>
  <system-out/>
</testsuite> <!-- testCases.TC_04 -->
