<?xml version="1.0" encoding="UTF-8"?>
<!-- Generated by org.testng.reporters.JUnitReportReporter -->
<testsuite hostname="LTIN511698" failures="0" tests="2" name="testCases.TC_03" time="45.926" errors="0" timestamp="2024-02-28T15:38:25 IST" skipped="0">
  <testcase classname="testCases.TC_03" name="checkDemoPageOpened" time="43.711"/>
  <system-out/>
  <testcase classname="testCases.TC_03" name="validateForm_Invalid_Detials" time="2.215"/>
  <system-out/>
</testsuite> <!-- testCases.TC_03 -->
