<?xml version="1.0" encoding="UTF-8"?>
<!-- Generated by org.testng.reporters.JUnitReportReporter -->
<testsuite hostname="LTIN511698" failures="0" tests="4" name="testCases.TC_01" time="95.053" errors="0" timestamp="2024-02-28T15:38:25 IST" skipped="0">
  <testcase classname="testCases.TC_01" name="checkSpecialist" time="0.439"/>
  <system-out/>
  <testcase classname="testCases.TC_01" name="checkLocations" time="39.284"/>
  <system-out/>
  <testcase classname="testCases.TC_01" name="checkUrl" time="0.301"/>
  <system-out/>
  <testcase classname="testCases.TC_01" name="checkDoctorDetials" time="55.029"/>
  <system-out/>
</testsuite> <!-- testCases.TC_01 -->
