<?xml version="1.0" encoding="UTF-8"?>
<!-- Generated by org.testng.reporters.JUnitReportReporter -->
<testsuite hostname="LTIN511698" failures="0" tests="2" name="testCases.TC_02" time="27.127" errors="0" timestamp="2024-02-28T15:38:25 IST" skipped="0">
  <testcase classname="testCases.TC_02" name="checkSurgiersPageOpened" time="25.893"/>
  <system-out/>
  <testcase classname="testCases.TC_02" name="printSurgeries" time="1.234"/>
  <system-out/>
</testsuite> <!-- testCases.TC_02 -->
