<?xml version="1.0" encoding="UTF-8"?>
<!-- Generated by org.testng.reporters.JUnitReportReporter -->
<testsuite hostname="LTIN511698" failures="0" tests="1" name="testCases.TC_05" time="260.125" errors="0" timestamp="2024-02-28T15:38:25 IST" skipped="0">
  <testcase classname="testCases.TC_05" name="endToEnd" time="260.125"/>
  <system-out/>
</testsuite> <!-- testCases.TC_05 -->
